<?xml version="1.0" encoding="UTF-8"?>
<!-- Generated by org.testng.reporters.JUnitReportReporter -->
<testsuite hostname="Pankaj" failures="0" tests="1" name="actitime.demo" time="0.011" errors="0" timestamp="2023-06-21T01:53:35 IST" skipped="0">
  <testcase classname="actitime.demo" name="testDemo" time="0.011">
    <system-out>
      <![CDATA[hi]]>
    </system-out>
  </testcase> <!-- testDemo -->
  <system-out>
    <![CDATA[hi]]>
  </system-out>
</testsuite> <!-- actitime.demo -->
